2022-02-11 18:36:18,823-PathBuild-DEBUG:145:629754 paths were tried
2022-02-11 18:36:18,823-PathBuild-DEBUG:146:Destinations:
2022-02-11 18:36:18,823-PathBuild-INFO:150:x: 1.7428571428571429 y: 0.0
2022-02-11 18:36:18,823-PathBuild-INFO:150:x: 1.7428571428571429 y: 0.3
2022-02-11 18:36:18,823-PathBuild-INFO:150:x: 1.7428571428571429 y: 1.0
2022-02-11 18:36:18,823-PathBuild-INFO:150:x: 2.742857142857143 y: 1.0
2022-02-11 18:36:18,823-PathBuild-INFO:150:x: 3.0428571428571427 y: 0.0
2022-02-11 18:36:18,823-PathBuild-INFO:150:x: 2.742857142857143 y: 0.5
2022-02-11 18:36:18,823-PathBuild-INFO:150:x: 2.342857142857143 y: 1.0
2022-02-11 18:36:18,823-PathBuild-INFO:150:x: 2.742857142857143 y: 0.0
2022-02-11 18:36:18,823-PathBuild-INFO:150:x: 2.0428571428571427 y: 0.0
2022-02-11 18:36:18,823-PathBuild-INFO:150:x: 2.0428571428571427 y: 0.5
2022-02-11 18:36:18,823-PathBuild-INFO:150:x: 2.0428571428571427 y: 1.0
2022-02-11 18:36:18,823-PathBuild-INFO:150:x: 3.342857142857143 y: 0.0
2022-02-11 18:36:18,823-PathBuild-INFO:150:x: 3.342857142857143 y: 0.5
2022-02-11 18:36:18,823-PathBuild-INFO:150:x: 3.342857142857143 y: 1.0
2022-02-11 18:36:19,333-PathBuild-INFO:156:Remaining starting positions [<PathBuild.Point object at 0x000001E27A805DF0>, <PathBuild.Point object at 0x000001E27A805E20>, <PathBuild.Point object at 0x000001E27A950070>, <PathBuild.Point object at 0x000001E27A9500A0>, <PathBuild.Point object at 0x000001E27A950160>, <PathBuild.Point object at 0x000001E27A950100>, <PathBuild.Point object at 0x000001E27A9502E0>, <PathBuild.Point object at 0x000001E27A950340>, <PathBuild.Point object at 0x000001E27A9503A0>, <PathBuild.Point object at 0x000001E27A950400>, <PathBuild.Point object at 0x000001E27A950460>]
2022-02-11 18:36:25,541-PathBuild-DEBUG:145:15 paths were tried
2022-02-11 18:36:25,541-PathBuild-DEBUG:146:Destinations:
2022-02-11 18:36:25,541-PathBuild-INFO:150:x: 1.7428571428571429 y: 0.0
2022-02-11 18:36:25,541-PathBuild-INFO:150:x: 1.7428571428571429 y: 0.3
2022-02-11 18:36:25,541-PathBuild-INFO:150:x: 1.7428571428571429 y: 1.0
2022-02-11 18:36:25,541-PathBuild-INFO:150:x: 2.742857142857143 y: 1.0
2022-02-11 18:36:25,541-PathBuild-INFO:150:x: 3.0428571428571427 y: 0.0
2022-02-11 18:36:25,541-PathBuild-INFO:150:x: 2.742857142857143 y: 0.5
2022-02-11 18:36:25,541-PathBuild-INFO:150:x: 2.342857142857143 y: 1.0
2022-02-11 18:36:25,541-PathBuild-INFO:150:x: 2.742857142857143 y: 0.0
2022-02-11 18:36:25,541-PathBuild-INFO:150:x: 2.0428571428571427 y: 0.0
2022-02-11 18:36:25,541-PathBuild-INFO:150:x: 2.0428571428571427 y: 0.5
2022-02-11 18:36:25,541-PathBuild-INFO:150:x: 2.0428571428571427 y: 1.0
2022-02-11 18:36:25,541-PathBuild-INFO:150:x: 3.342857142857143 y: 0.0
2022-02-11 18:36:25,541-PathBuild-INFO:150:x: 3.342857142857143 y: 0.5
2022-02-11 18:36:25,541-PathBuild-INFO:150:x: 3.342857142857143 y: 1.0
2022-02-11 18:36:26,090-PathBuild-INFO:156:Remaining starting positions [<PathBuild.Point object at 0x000001E27CBE90A0>, <PathBuild.Point object at 0x000001E27CBE9100>, <PathBuild.Point object at 0x000001E27CBE9160>, <PathBuild.Point object at 0x000001E27CBE91C0>, <PathBuild.Point object at 0x000001E27CBE9220>, <PathBuild.Point object at 0x000001E27CBE9280>, <PathBuild.Point object at 0x000001E27CBE92E0>, <PathBuild.Point object at 0x000001E27CBE9340>, <PathBuild.Point object at 0x000001E27CBE93A0>, <PathBuild.Point object at 0x000001E27CBE9400>, <PathBuild.Point object at 0x000001E27CBE9460>]
2022-02-11 18:36:29,400-PathBuild-DEBUG:145:15 paths were tried
2022-02-11 18:36:29,400-PathBuild-DEBUG:146:Destinations:
2022-02-11 18:36:29,400-PathBuild-INFO:150:x: 1.7428571428571429 y: 0.0
2022-02-11 18:36:29,400-PathBuild-INFO:150:x: 1.7428571428571429 y: 0.3
2022-02-11 18:36:29,400-PathBuild-INFO:150:x: 1.7428571428571429 y: 1.0
2022-02-11 18:36:29,400-PathBuild-INFO:150:x: 2.742857142857143 y: 1.0
2022-02-11 18:36:29,400-PathBuild-INFO:150:x: 3.0428571428571427 y: 0.0
2022-02-11 18:36:29,400-PathBuild-INFO:150:x: 2.742857142857143 y: 0.5
2022-02-11 18:36:29,400-PathBuild-INFO:150:x: 2.342857142857143 y: 1.0
2022-02-11 18:36:29,400-PathBuild-INFO:150:x: 2.742857142857143 y: 0.0
2022-02-11 18:36:29,400-PathBuild-INFO:150:x: 2.0428571428571427 y: 0.0
2022-02-11 18:36:29,400-PathBuild-INFO:150:x: 2.0428571428571427 y: 0.5
2022-02-11 18:36:29,400-PathBuild-INFO:150:x: 2.0428571428571427 y: 1.0
2022-02-11 18:36:29,400-PathBuild-INFO:150:x: 3.342857142857143 y: 0.0
2022-02-11 18:36:29,400-PathBuild-INFO:150:x: 3.342857142857143 y: 0.5
2022-02-11 18:36:29,400-PathBuild-INFO:150:x: 3.342857142857143 y: 1.0
2022-02-11 18:36:29,790-PathBuild-INFO:156:Remaining starting positions [<PathBuild.Point object at 0x000001E27CCDBA30>, <PathBuild.Point object at 0x000001E27CCDB850>, <PathBuild.Point object at 0x000001E27CCDB700>, <PathBuild.Point object at 0x000001E27CCDB7F0>, <PathBuild.Point object at 0x000001E27CCDB4F0>, <PathBuild.Point object at 0x000001E27CCDB550>, <PathBuild.Point object at 0x000001E27CCDB400>, <PathBuild.Point object at 0x000001E27CCDB2B0>, <PathBuild.Point object at 0x000001E27CCDB310>, <PathBuild.Point object at 0x000001E27CCDB130>, <PathBuild.Point object at 0x000001E27CCDB0A0>]
